<?xml version="1.0" encoding="UTF-8"?>
<!-- Generated by org.testng.reporters.JUnitReportReporter -->
<testsuite hostname="DESKTOP-6GC9FGE" failures="0" tests="1" name="testng.NewTest1000" time="0.016" errors="0" timestamp="2020-01-30T23:11:37 EST" skipped="0">
  <testcase classname="testng.NewTest1000" name="f" time="0.016"/>
</testsuite> <!-- testng.NewTest1000 -->
