<?xml version="1.0" encoding="UTF-8"?>
<!-- Generated by org.testng.reporters.JUnitReportReporter -->
<testsuite hostname="DESKTOP-6GC9FGE" failures="0" tests="3" name="testng.Dummy" time="0.032" errors="0" timestamp="2020-02-03T10:19:59 EST" skipped="0">
  <testcase classname="testng.Dummy" name="testcase2" time="0.016"/>
  <testcase classname="testng.Dummy" name="testcase3" time="0.000"/>
  <testcase classname="testng.Dummy" name="testcase1" time="0.016"/>
</testsuite> <!-- testng.Dummy -->
