<?xml version="1.0" encoding="UTF-8"?>
<!-- Generated by org.testng.reporters.JUnitReportReporter -->
<testsuite hostname="DESKTOP-6GC9FGE" failures="0" tests="1" name="testng.SecondTest" time="13.484" errors="0" timestamp="2020-02-03T10:22:22 EST" skipped="0">
  <testcase classname="testng.SecondTest" name="Home_TC_00011" time="13.484"/>
</testsuite> <!-- testng.SecondTest -->
