<?xml version="1.0" encoding="UTF-8"?>
<!-- Generated by org.testng.reporters.JUnitReportReporter -->
<testsuite hostname="DESKTOP-6GC9FGE" failures="0" tests="1" name="testng.Thirdtestng" time="10.406" errors="0" timestamp="2019-11-19T20:56:50 EST" skipped="0">
  <testcase classname="testng.Thirdtestng" name="testcase3" time="10.406"/>
</testsuite> <!-- testng.Thirdtestng -->
