<?xml version="1.0" encoding="UTF-8"?>
<!-- Generated by org.testng.reporters.JUnitReportReporter -->
<testsuite hostname="DESKTOP-6GC9FGE" failures="0" tests="1" name="testng.secondtestng" time="11.062" errors="0" timestamp="2019-11-19T20:53:20 EST" skipped="0">
  <testcase classname="testng.secondtestng" name="testcase2" time="11.062"/>
</testsuite> <!-- testng.secondtestng -->
