<?xml version="1.0" encoding="UTF-8"?>
<!-- Generated by org.testng.reporters.JUnitReportReporter -->
<testsuite hostname="DESKTOP-6GC9FGE" failures="0" tests="1" name="testng.firsttestng" time="27.180" errors="0" timestamp="2020-02-03T10:22:22 EST" skipped="0">
  <testcase classname="testng.firsttestng" name="Updateaddress_TC_00009" time="27.180"/>
</testsuite> <!-- testng.firsttestng -->
